2024-08-29 16:58:12,291 Worker rq:worker:cba9447d5978487fa4bf27bbedabed27 started with PID 18938, version 1.16.2
2024-08-29 16:58:12,291 Subscribing to channel rq:pubsub:cba9447d5978487fa4bf27bbedabed27
2024-08-29 16:58:12,291 *** Listening on home-mustafa-nazier-erpnext-project:short, home-mustafa-nazier-erpnext-project:default, home-mustafa-nazier-erpnext-project:long...
2024-08-29 16:58:12,292 Cleaning registries for queue: home-mustafa-nazier-erpnext-project:short
2024-08-29 16:58:12,293 Cleaning registries for queue: home-mustafa-nazier-erpnext-project:default
2024-08-29 16:58:12,293 Cleaning registries for queue: home-mustafa-nazier-erpnext-project:long
2024-08-29 16:58:44,118 Worker cba9447d5978487fa4bf27bbedabed27 [PID 18938]: warm shut down requested
2024-08-29 16:58:44,121 Unsubscribing from channel rq:pubsub:cba9447d5978487fa4bf27bbedabed27
2024-08-29 17:00:30,996 Worker rq:worker:695a5e97c41e40aaa6785babde385c50 started with PID 19397, version 1.16.2
2024-08-29 17:00:30,997 Subscribing to channel rq:pubsub:695a5e97c41e40aaa6785babde385c50
2024-08-29 17:00:30,997 *** Listening on home-mustafa-nazier-erpnext-project:short, home-mustafa-nazier-erpnext-project:default, home-mustafa-nazier-erpnext-project:long...
2024-08-29 17:00:30,998 Cleaning registries for queue: home-mustafa-nazier-erpnext-project:short
2024-08-29 17:00:30,998 Cleaning registries for queue: home-mustafa-nazier-erpnext-project:default
2024-08-29 17:00:30,999 Cleaning registries for queue: home-mustafa-nazier-erpnext-project:long
2024-08-29 17:01:20,619 Worker 695a5e97c41e40aaa6785babde385c50 [PID 19397]: warm shut down requested
2024-08-29 17:01:20,622 Unsubscribing from channel rq:pubsub:695a5e97c41e40aaa6785babde385c50
2024-08-29 17:03:30,605 Worker rq:worker:1d004a1594444ae9be98a756c93fe87b started with PID 20255, version 1.16.2
2024-08-29 17:03:30,605 Subscribing to channel rq:pubsub:1d004a1594444ae9be98a756c93fe87b
2024-08-29 17:03:30,606 *** Listening on home-mustafa-nazier-erpnext-project:short, home-mustafa-nazier-erpnext-project:default, home-mustafa-nazier-erpnext-project:long...
2024-08-29 17:03:30,606 Cleaning registries for queue: home-mustafa-nazier-erpnext-project:short
2024-08-29 17:03:30,607 Cleaning registries for queue: home-mustafa-nazier-erpnext-project:default
2024-08-29 17:03:30,608 Cleaning registries for queue: home-mustafa-nazier-erpnext-project:long
2024-08-29 17:03:46,755 Worker 1d004a1594444ae9be98a756c93fe87b [PID 20255]: warm shut down requested
2024-08-29 17:03:46,763 Unsubscribing from channel rq:pubsub:1d004a1594444ae9be98a756c93fe87b
2024-09-01 13:21:31,948 Worker rq:worker:aa9a0907cf4f48ca9bb0cd96c9a4213d started with PID 7439, version 1.16.2
2024-09-01 13:21:31,948 Subscribing to channel rq:pubsub:aa9a0907cf4f48ca9bb0cd96c9a4213d
2024-09-01 13:21:31,949 *** Listening on home-mustafa-nazier-erpnext-project:short, home-mustafa-nazier-erpnext-project:default, home-mustafa-nazier-erpnext-project:long...
2024-09-01 13:21:31,950 Cleaning registries for queue: home-mustafa-nazier-erpnext-project:short
2024-09-01 13:21:31,951 Cleaning registries for queue: home-mustafa-nazier-erpnext-project:default
2024-09-01 13:21:31,952 Cleaning registries for queue: home-mustafa-nazier-erpnext-project:long
2024-09-01 13:23:51,124 Worker aa9a0907cf4f48ca9bb0cd96c9a4213d [PID 7439]: warm shut down requested
2024-09-01 13:23:51,131 Unsubscribing from channel rq:pubsub:aa9a0907cf4f48ca9bb0cd96c9a4213d

WARNING: currentsite.txt is not supported anymore for setting default site. Use following command to set it as default site.
$ bench use testsite.local

2024-09-01 13:25:45,619 Worker rq:worker:cc71cd69b14e4cc3861662ce5fec644f started with PID 8538, version 1.16.2
2024-09-01 13:25:45,619 Subscribing to channel rq:pubsub:cc71cd69b14e4cc3861662ce5fec644f
2024-09-01 13:25:45,620 *** Listening on home-mustafa-nazier-erpnext-project:short, home-mustafa-nazier-erpnext-project:default, home-mustafa-nazier-erpnext-project:long...
2024-09-01 13:25:45,620 Cleaning registries for queue: home-mustafa-nazier-erpnext-project:short
2024-09-01 13:25:45,621 Cleaning registries for queue: home-mustafa-nazier-erpnext-project:default
2024-09-01 13:25:45,622 Cleaning registries for queue: home-mustafa-nazier-erpnext-project:long
2024-09-01 13:26:23,945 Worker cc71cd69b14e4cc3861662ce5fec644f [PID 8538]: warm shut down requested
2024-09-01 13:26:23,950 Unsubscribing from channel rq:pubsub:cc71cd69b14e4cc3861662ce5fec644f
2024-09-01 13:26:42,440 Worker rq:worker:ee2ccf2273584b66902fc3f07ee9019c started with PID 8868, version 1.16.2
2024-09-01 13:26:42,440 Subscribing to channel rq:pubsub:ee2ccf2273584b66902fc3f07ee9019c
2024-09-01 13:26:42,441 *** Listening on home-mustafa-nazier-erpnext-project:short, home-mustafa-nazier-erpnext-project:default, home-mustafa-nazier-erpnext-project:long...
2024-09-01 13:26:42,441 Cleaning registries for queue: home-mustafa-nazier-erpnext-project:short
2024-09-01 13:26:42,442 Cleaning registries for queue: home-mustafa-nazier-erpnext-project:default
2024-09-01 13:26:42,443 Cleaning registries for queue: home-mustafa-nazier-erpnext-project:long
2024-09-01 13:28:13,815 home-mustafa-nazier-erpnext-project:default: frappe.utils.background_jobs.execute_job(event=None, is_async=True, job_name='frappe.core.doctype.user.user.create_contact', kwargs={'user': <User: mustafanazieer@gmail.com>, 'ignore_mandatory': True}, method='frappe.core.doctype.user.user.create_contact', site='testsite.local', user='Administrator') (testsite.local::9bf57986-7f05-42af-981d-08e2bdef84a5)
2024-09-01 13:28:15,363 home-mustafa-nazier-erpnext-project:default: Job OK (testsite.local::9bf57986-7f05-42af-981d-08e2bdef84a5)
2024-09-01 13:28:15,363 Result is kept for 600 seconds
2024-09-01 13:28:15,371 home-mustafa-nazier-erpnext-project:default: frappe.utils.background_jobs.execute_job(event=None, is_async=True, job_name='erpnext.setup.demo.setup_demo_data', kwargs={}, method=<function setup_demo_data at 0x78c4bbef85e0>, site='testsite.local', user='mustafanazieer@gmail.com') (testsite.local::2c1c8754-86a0-47e3-92be-c1aaf29ec532)
2024-09-01 13:28:33,486 home-mustafa-nazier-erpnext-project:default: Job OK (testsite.local::2c1c8754-86a0-47e3-92be-c1aaf29ec532)
2024-09-01 13:28:33,486 Result is kept for 600 seconds
2024-09-01 13:28:33,507 home-mustafa-nazier-erpnext-project:default: frappe.utils.background_jobs.execute_job(event=None, is_async=True, job_name='frappe.core.doctype.user.user.update_gravatar', kwargs={'name': 'mustafanazieer@gmail.com'}, method='frappe.core.doctype.user.user.update_gravatar', site='testsite.local', user='Administrator') (testsite.local::3d9c7e81-be41-4fd7-83bb-b4c699a431db)
2024-09-01 13:28:34,110 home-mustafa-nazier-erpnext-project:default: Job OK (testsite.local::3d9c7e81-be41-4fd7-83bb-b4c699a431db)
2024-09-01 13:28:34,110 Result is kept for 600 seconds
2024-09-01 13:32:01,094 home-mustafa-nazier-erpnext-project:default: frappe.utils.background_jobs.execute_job(event=None, is_async=True, job_name='frappe.core.doctype.scheduled_job_type.scheduled_job_type.run_scheduled_jo..., kwargs={'job_type': 'frappe.core.doctype.prepared_report.prepared_report.expire_st..., method='frappe.core.doctype.scheduled_job_type.scheduled_job_type.run_scheduled_jo..., site='testsite.local', user='Administrator') (testsite.local::scheduled_job::9p1mt1ndvv)
2024-09-01 13:32:01,493 home-mustafa-nazier-erpnext-project:default: Job OK (testsite.local::scheduled_job::9p1mt1ndvv)
2024-09-01 13:32:01,494 Result is kept for 600 seconds
2024-09-01 13:32:01,509 home-mustafa-nazier-erpnext-project:default: frappe.utils.background_jobs.execute_job(event=None, is_async=True, job_name='frappe.core.doctype.scheduled_job_type.scheduled_job_type.run_scheduled_jo..., kwargs={'job_type': 'erpnext.projects.doctype.project.project.project_status_updat..., method='frappe.core.doctype.scheduled_job_type.scheduled_job_type.run_scheduled_jo..., site='testsite.local', user='Administrator') (testsite.local::scheduled_job::9po2n9vi4f)
2024-09-01 13:32:02,047 home-mustafa-nazier-erpnext-project:default: Job OK (testsite.local::scheduled_job::9po2n9vi4f)
2024-09-01 13:32:02,048 Result is kept for 600 seconds
2024-09-01 13:32:02,054 home-mustafa-nazier-erpnext-project:default: frappe.utils.background_jobs.execute_job(event=None, is_async=True, job_name='frappe.core.doctype.scheduled_job_type.scheduled_job_type.run_scheduled_jo..., kwargs={'job_type': 'frappe.integrations.doctype.google_calendar.google_calendar.s..., method='frappe.core.doctype.scheduled_job_type.scheduled_job_type.run_scheduled_jo..., site='testsite.local', user='Administrator') (testsite.local::scheduled_job::9p1mc8rsot)
2024-09-01 13:32:02,681 home-mustafa-nazier-erpnext-project:default: Job OK (testsite.local::scheduled_job::9p1mc8rsot)
2024-09-01 13:32:02,681 Result is kept for 600 seconds
2024-09-01 13:32:02,690 home-mustafa-nazier-erpnext-project:default: frappe.utils.background_jobs.execute_job(event=None, is_async=True, job_name='frappe.core.doctype.scheduled_job_type.scheduled_job_type.run_scheduled_jo..., kwargs={'job_type': 'erpnext.stock.reorder_item.reorder_item', 'scheduled_job_type..., method='frappe.core.doctype.scheduled_job_type.scheduled_job_type.run_scheduled_jo..., site='testsite.local', user='Administrator') (testsite.local::scheduled_job::9po2o5e9e4)
2024-09-01 13:32:03,041 home-mustafa-nazier-erpnext-project:default: Job OK (testsite.local::scheduled_job::9po2o5e9e4)
2024-09-01 13:32:03,041 Result is kept for 600 seconds
2024-09-01 13:32:03,080 home-mustafa-nazier-erpnext-project:default: frappe.utils.background_jobs.execute_job(event=None, is_async=True, job_name='frappe.core.doctype.scheduled_job_type.scheduled_job_type.run_scheduled_jo..., kwargs={'job_type': 'erpnext.erpnext_integrations.doctype.plaid_settings.plaid_set..., method='frappe.core.doctype.scheduled_job_type.scheduled_job_type.run_scheduled_jo..., site='testsite.local', user='Administrator') (testsite.local::scheduled_job::9po2bbj2s8)
2024-09-01 13:32:03,495 home-mustafa-nazier-erpnext-project:default: Job OK (testsite.local::scheduled_job::9po2bbj2s8)
2024-09-01 13:32:03,495 Result is kept for 600 seconds
2024-09-01 13:32:03,510 home-mustafa-nazier-erpnext-project:default: frappe.utils.background_jobs.execute_job(event=None, is_async=True, job_name='frappe.core.doctype.scheduled_job_type.scheduled_job_type.run_scheduled_jo..., kwargs={'job_type': 'frappe.automation.doctype.auto_repeat.auto_repeat.set_auto_re..., method='frappe.core.doctype.scheduled_job_type.scheduled_job_type.run_scheduled_jo..., site='testsite.local', user='Administrator') (testsite.local::scheduled_job::9p1mmgk7bd)
2024-09-01 13:32:04,136 home-mustafa-nazier-erpnext-project:default: Job OK (testsite.local::scheduled_job::9p1mmgk7bd)
2024-09-01 13:32:04,136 Result is kept for 600 seconds
2024-09-01 13:32:04,203 home-mustafa-nazier-erpnext-project:default: frappe.utils.background_jobs.execute_job(event=None, is_async=True, job_name='frappe.core.doctype.scheduled_job_type.scheduled_job_type.run_scheduled_jo..., kwargs={'job_type': 'frappe.model.utils.link_count.update_link_count', 'scheduled_..., method='frappe.core.doctype.scheduled_job_type.scheduled_job_type.run_scheduled_jo..., site='testsite.local', user='Administrator') (testsite.local::scheduled_job::9p1m8hob2f)
2024-09-01 13:32:04,686 home-mustafa-nazier-erpnext-project:default: Job OK (testsite.local::scheduled_job::9p1m8hob2f)
2024-09-01 13:32:04,687 Result is kept for 600 seconds
2024-09-01 13:32:04,694 home-mustafa-nazier-erpnext-project:default: frappe.utils.background_jobs.execute_job(event=None, is_async=True, job_name='frappe.core.doctype.scheduled_job_type.scheduled_job_type.run_scheduled_jo..., kwargs={'job_type': 'frappe.email.doctype.notification.notification.trigger_daily_..., method='frappe.core.doctype.scheduled_job_type.scheduled_job_type.run_scheduled_jo..., site='testsite.local', user='Administrator') (testsite.local::scheduled_job::9p1mnta7a9)
2024-09-01 13:32:05,154 home-mustafa-nazier-erpnext-project:default: Job OK (testsite.local::scheduled_job::9p1mnta7a9)
2024-09-01 13:32:05,154 Result is kept for 600 seconds
2024-09-01 13:32:05,160 home-mustafa-nazier-erpnext-project:default: frappe.utils.background_jobs.execute_job(event=None, is_async=True, job_name='frappe.core.doctype.scheduled_job_type.scheduled_job_type.run_scheduled_jo..., kwargs={'job_type': 'frappe.deferred_insert.save_to_db', 'scheduled_job_type': '9p..., method='frappe.core.doctype.scheduled_job_type.scheduled_job_type.run_scheduled_jo..., site='testsite.local', user='Administrator') (testsite.local::scheduled_job::9p1mon0es7)
2024-09-01 13:32:05,644 home-mustafa-nazier-erpnext-project:default: Job OK (testsite.local::scheduled_job::9p1mon0es7)
2024-09-01 13:32:05,644 Result is kept for 600 seconds
2024-09-01 13:32:05,652 home-mustafa-nazier-erpnext-project:default: frappe.utils.background_jobs.execute_job(event=None, is_async=True, job_name='frappe.core.doctype.scheduled_job_type.scheduled_job_type.run_scheduled_jo..., kwargs={'job_type': 'frappe.desk.notifications.clear_notifications', 'scheduled_jo..., method='frappe.core.doctype.scheduled_job_type.scheduled_job_type.run_scheduled_jo..., site='testsite.local', user='Administrator') (testsite.local::scheduled_job::9p1m2roid0)
2024-09-01 13:32:06,061 home-mustafa-nazier-erpnext-project:default: Job OK (testsite.local::scheduled_job::9p1m2roid0)
2024-09-01 13:32:06,061 Result is kept for 600 seconds
2024-09-01 13:32:06,070 home-mustafa-nazier-erpnext-project:default: frappe.utils.background_jobs.execute_job(event=None, is_async=True, job_name='frappe.core.doctype.scheduled_job_type.scheduled_job_type.run_scheduled_jo..., kwargs={'job_type': 'erpnext.accounts.doctype.gl_entry.gl_entry.rename_gle_sle_doc..., method='frappe.core.doctype.scheduled_job_type.scheduled_job_type.run_scheduled_jo..., site='testsite.local', user='Administrator') (testsite.local::scheduled_job::9po2uclcud)
2024-09-01 13:32:06,774 home-mustafa-nazier-erpnext-project:default: Job OK (testsite.local::scheduled_job::9po2uclcud)
2024-09-01 13:32:06,774 Result is kept for 600 seconds
2024-09-01 13:32:06,783 home-mustafa-nazier-erpnext-project:default: frappe.utils.background_jobs.execute_job(event=None, is_async=True, job_name='frappe.core.doctype.scheduled_job_type.scheduled_job_type.run_scheduled_jo..., kwargs={'job_type': 'erpnext.support.doctype.service_level_agreement.service_level..., method='frappe.core.doctype.scheduled_job_type.scheduled_job_type.run_scheduled_jo..., site='testsite.local', user='Administrator') (testsite.local::scheduled_job::9po25c7er1)
2024-09-01 13:32:07,293 home-mustafa-nazier-erpnext-project:default: Job OK (testsite.local::scheduled_job::9po25c7er1)
2024-09-01 13:32:07,293 Result is kept for 600 seconds
2024-09-01 13:32:07,302 home-mustafa-nazier-erpnext-project:default: frappe.utils.background_jobs.execute_job(event=None, is_async=True, job_name='frappe.core.doctype.scheduled_job_type.scheduled_job_type.run_scheduled_jo..., kwargs={'job_type': 'erpnext.support.doctype.issue.issue.auto_close_tickets', 'sch..., method='frappe.core.doctype.scheduled_job_type.scheduled_job_type.run_scheduled_jo..., site='testsite.local', user='Administrator') (testsite.local::scheduled_job::9po2e3he1l)
2024-09-01 13:32:07,757 home-mustafa-nazier-erpnext-project:default: Job OK (testsite.local::scheduled_job::9po2e3he1l)
2024-09-01 13:32:07,757 Result is kept for 600 seconds
2024-09-01 13:32:07,763 home-mustafa-nazier-erpnext-project:default: frappe.utils.background_jobs.execute_job(event=None, is_async=True, job_name='frappe.core.doctype.scheduled_job_type.scheduled_job_type.run_scheduled_jo..., kwargs={'job_type': 'frappe.utils.global_search.sync_global_search', 'scheduled_jo..., method='frappe.core.doctype.scheduled_job_type.scheduled_job_type.run_scheduled_jo..., site='testsite.local', user='Administrator') (testsite.local::scheduled_job::9p1m1511oc)
2024-09-01 13:32:08,330 home-mustafa-nazier-erpnext-project:default: Job OK (testsite.local::scheduled_job::9p1m1511oc)
2024-09-01 13:32:08,330 Result is kept for 600 seconds
2024-09-01 13:32:08,339 home-mustafa-nazier-erpnext-project:default: frappe.utils.background_jobs.execute_job(event=None, is_async=True, job_name='frappe.core.doctype.scheduled_job_type.scheduled_job_type.run_scheduled_jo..., kwargs={'job_type': 'frappe.website.doctype.web_page.web_page.check_publish_status..., method='frappe.core.doctype.scheduled_job_type.scheduled_job_type.run_scheduled_jo..., site='testsite.local', user='Administrator') (testsite.local::scheduled_job::9p1m1onugf)
2024-09-01 13:32:08,920 home-mustafa-nazier-erpnext-project:default: Job OK (testsite.local::scheduled_job::9p1m1onugf)
2024-09-01 13:32:08,920 Result is kept for 600 seconds
2024-09-01 13:32:08,926 home-mustafa-nazier-erpnext-project:default: frappe.utils.background_jobs.execute_job(event=None, is_async=True, job_name='frappe.core.doctype.scheduled_job_type.scheduled_job_type.run_scheduled_jo..., kwargs={'job_type': 'erpnext.projects.doctype.project.project.update_project_sales..., method='frappe.core.doctype.scheduled_job_type.scheduled_job_type.run_scheduled_jo..., site='testsite.local', user='Administrator') (testsite.local::scheduled_job::9po2l7f8j4)
2024-09-01 13:32:09,327 home-mustafa-nazier-erpnext-project:default: Job OK (testsite.local::scheduled_job::9po2l7f8j4)
2024-09-01 13:32:09,327 Result is kept for 600 seconds
2024-09-01 13:32:09,336 home-mustafa-nazier-erpnext-project:default: frappe.utils.background_jobs.execute_job(event=None, is_async=True, job_name='frappe.core.doctype.scheduled_job_type.scheduled_job_type.run_scheduled_jo..., kwargs={'job_type': 'frappe.email.queue.flush', 'scheduled_job_type': '9p1mvatavv'..., method='frappe.core.doctype.scheduled_job_type.scheduled_job_type.run_scheduled_jo..., site='testsite.local', user='Administrator') (testsite.local::scheduled_job::9p1mvatavv)
2024-09-01 13:32:09,862 home-mustafa-nazier-erpnext-project:default: Job OK (testsite.local::scheduled_job::9p1mvatavv)
2024-09-01 13:32:09,862 Result is kept for 600 seconds
2024-09-01 13:32:09,871 home-mustafa-nazier-erpnext-project:default: frappe.utils.background_jobs.execute_job(event=None, is_async=True, job_name='frappe.core.doctype.scheduled_job_type.scheduled_job_type.run_scheduled_jo..., kwargs={'job_type': 'erpnext.assets.doctype.asset.asset.make_post_gl_entry', 'sche..., method='frappe.core.doctype.scheduled_job_type.scheduled_job_type.run_scheduled_jo..., site='testsite.local', user='Administrator') (testsite.local::scheduled_job::9po2465imp)
2024-09-01 13:32:10,584 home-mustafa-nazier-erpnext-project:default: Job OK (testsite.local::scheduled_job::9po2465imp)
2024-09-01 13:32:10,585 Result is kept for 600 seconds
2024-09-01 13:32:10,593 home-mustafa-nazier-erpnext-project:default: frappe.utils.background_jobs.execute_job(event=None, is_async=True, job_name='frappe.core.doctype.scheduled_job_type.scheduled_job_type.run_scheduled_jo..., kwargs={'job_type': 'frappe.website.doctype.personal_data_deletion_request.persona..., method='frappe.core.doctype.scheduled_job_type.scheduled_job_type.run_scheduled_jo..., site='testsite.local', user='Administrator') (testsite.local::scheduled_job::9p1mehkj78)
2024-09-01 13:32:10,926 home-mustafa-nazier-erpnext-project:default: Job OK (testsite.local::scheduled_job::9p1mehkj78)
2024-09-01 13:32:10,926 Result is kept for 600 seconds
2024-09-01 13:32:10,932 home-mustafa-nazier-erpnext-project:default: frappe.utils.background_jobs.execute_job(event=None, is_async=True, job_name='frappe.core.doctype.scheduled_job_type.scheduled_job_type.run_scheduled_jo..., kwargs={'job_type': 'erpnext.accounts.doctype.fiscal_year.fiscal_year.auto_create_..., method='frappe.core.doctype.scheduled_job_type.scheduled_job_type.run_scheduled_jo..., site='testsite.local', user='Administrator') (testsite.local::scheduled_job::9po29sqodv)
2024-09-01 13:32:11,272 home-mustafa-nazier-erpnext-project:default: Job OK (testsite.local::scheduled_job::9po29sqodv)
2024-09-01 13:32:11,272 Result is kept for 600 seconds
2024-09-01 13:32:11,288 home-mustafa-nazier-erpnext-project:default: frappe.utils.background_jobs.execute_job(event=None, is_async=True, job_name='frappe.core.doctype.scheduled_job_type.scheduled_job_type.run_scheduled_jo..., kwargs={'job_type': 'erpnext.manufacturing.doctype.bom_update_log.bom_update_log.r..., method='frappe.core.doctype.scheduled_job_type.scheduled_job_type.run_scheduled_jo..., site='testsite.local', user='Administrator') (testsite.local::scheduled_job::9po2vco586)
2024-09-01 13:32:11,842 home-mustafa-nazier-erpnext-project:default: Job OK (testsite.local::scheduled_job::9po2vco586)
2024-09-01 13:32:11,842 Result is kept for 600 seconds
2024-09-01 13:32:11,851 home-mustafa-nazier-erpnext-project:default: frappe.utils.background_jobs.execute_job(event=None, is_async=True, job_name='frappe.core.doctype.scheduled_job_type.scheduled_job_type.run_scheduled_jo..., kwargs={'job_type': 'frappe.email.doctype.auto_email_report.auto_email_report.send..., method='frappe.core.doctype.scheduled_job_type.scheduled_job_type.run_scheduled_jo..., site='testsite.local', user='Administrator') (testsite.local::scheduled_job::9p1n6hjgt1)
2024-09-01 13:32:12,504 home-mustafa-nazier-erpnext-project:default: Job OK (testsite.local::scheduled_job::9p1n6hjgt1)
2024-09-01 13:32:12,504 Result is kept for 600 seconds
2024-09-01 13:32:12,514 home-mustafa-nazier-erpnext-project:default: frappe.utils.background_jobs.execute_job(event=None, is_async=True, job_name='frappe.core.doctype.scheduled_job_type.scheduled_job_type.run_scheduled_jo..., kwargs={'job_type': 'erpnext.utilities.doctype.video.video.update_youtube_data', '..., method='frappe.core.doctype.scheduled_job_type.scheduled_job_type.run_scheduled_jo..., site='testsite.local', user='Administrator') (testsite.local::scheduled_job::9po2nsa8f9)
2024-09-01 13:32:13,306 home-mustafa-nazier-erpnext-project:default: Job OK (testsite.local::scheduled_job::9po2nsa8f9)
2024-09-01 13:32:13,306 Result is kept for 600 seconds
2024-09-01 13:32:13,317 home-mustafa-nazier-erpnext-project:default: frappe.utils.background_jobs.execute_job(event=None, is_async=True, job_name='frappe.core.doctype.scheduled_job_type.scheduled_job_type.run_scheduled_jo..., kwargs={'job_type': 'erpnext.buying.doctype.supplier_scorecard.supplier_scorecard...., method='frappe.core.doctype.scheduled_job_type.scheduled_job_type.run_scheduled_jo..., site='testsite.local', user='Administrator') (testsite.local::scheduled_job::9po2lr13mg)
2024-09-01 13:32:13,751 home-mustafa-nazier-erpnext-project:default: Job OK (testsite.local::scheduled_job::9po2lr13mg)
2024-09-01 13:32:13,751 Result is kept for 600 seconds
2024-09-01 13:32:13,757 home-mustafa-nazier-erpnext-project:default: frappe.utils.background_jobs.execute_job(event=None, is_async=True, job_name='frappe.core.doctype.scheduled_job_type.scheduled_job_type.run_scheduled_jo..., kwargs={'job_type': 'frappe.automation.doctype.reminder.reminder.send_reminders', ..., method='frappe.core.doctype.scheduled_job_type.scheduled_job_type.run_scheduled_jo..., site='testsite.local', user='Administrator') (testsite.local::scheduled_job::9p1mjuq5ev)
2024-09-01 13:32:14,116 home-mustafa-nazier-erpnext-project:default: Job OK (testsite.local::scheduled_job::9p1mjuq5ev)
2024-09-01 13:32:14,116 Result is kept for 600 seconds
2024-09-01 13:32:14,124 home-mustafa-nazier-erpnext-project:default: frappe.utils.background_jobs.execute_job(event=None, is_async=True, job_name='frappe.core.doctype.scheduled_job_type.scheduled_job_type.run_scheduled_jo..., kwargs={'job_type': 'erpnext.accounts.utils.run_ledger_health_checks', 'scheduled_..., method='frappe.core.doctype.scheduled_job_type.scheduled_job_type.run_scheduled_jo..., site='testsite.local', user='Administrator') (testsite.local::scheduled_job::9po23ia0hv)
2024-09-01 13:32:14,635 home-mustafa-nazier-erpnext-project:default: Job OK (testsite.local::scheduled_job::9po23ia0hv)
2024-09-01 13:32:14,635 Result is kept for 600 seconds
2024-09-01 13:32:14,641 home-mustafa-nazier-erpnext-project:default: frappe.utils.background_jobs.execute_job(event=None, is_async=True, job_name='frappe.core.doctype.scheduled_job_type.scheduled_job_type.run_scheduled_jo..., kwargs={'job_type': 'erpnext.projects.doctype.task.task.set_tasks_as_overdue', 'sc..., method='frappe.core.doctype.scheduled_job_type.scheduled_job_type.run_scheduled_jo..., site='testsite.local', user='Administrator') (testsite.local::scheduled_job::9po2091sq2)
2024-09-01 13:32:15,108 home-mustafa-nazier-erpnext-project:default: Job OK (testsite.local::scheduled_job::9po2091sq2)
2024-09-01 13:32:15,108 Result is kept for 600 seconds
2024-09-01 13:32:15,118 home-mustafa-nazier-erpnext-project:default: frappe.utils.background_jobs.execute_job(event=None, is_async=True, job_name='frappe.core.doctype.scheduled_job_type.scheduled_job_type.run_scheduled_jo..., kwargs={'job_type': 'erpnext.stock.doctype.serial_no.serial_no.update_maintenance_..., method='frappe.core.doctype.scheduled_job_type.scheduled_job_type.run_scheduled_jo..., site='testsite.local', user='Administrator') (testsite.local::scheduled_job::9po25bu9h4)
2024-09-01 13:32:15,762 home-mustafa-nazier-erpnext-project:default: Job OK (testsite.local::scheduled_job::9po25bu9h4)
2024-09-01 13:32:15,762 Result is kept for 600 seconds
2024-09-01 13:32:15,771 home-mustafa-nazier-erpnext-project:default: frappe.utils.background_jobs.execute_job(event=None, is_async=True, job_name='frappe.core.doctype.scheduled_job_type.scheduled_job_type.run_scheduled_jo..., kwargs={'job_type': 'erpnext.controllers.accounts_controller.update_invoice_status..., method='frappe.core.doctype.scheduled_job_type.scheduled_job_type.run_scheduled_jo..., site='testsite.local', user='Administrator') (testsite.local::scheduled_job::9po26gn199)
2024-09-01 13:32:16,290 home-mustafa-nazier-erpnext-project:default: Job OK (testsite.local::scheduled_job::9po26gn199)
2024-09-01 13:32:16,290 Result is kept for 600 seconds
2024-09-01 13:32:16,297 home-mustafa-nazier-erpnext-project:default: frappe.utils.background_jobs.execute_job(event=None, is_async=True, job_name='frappe.core.doctype.scheduled_job_type.scheduled_job_type.run_scheduled_jo..., kwargs={'job_type': 'frappe.desk.page.backups.backups.delete_downloadable_backups'..., method='frappe.core.doctype.scheduled_job_type.scheduled_job_type.run_scheduled_jo..., site='testsite.local', user='Administrator') (testsite.local::scheduled_job::9p1m9utc9i)
2024-09-01 13:32:16,733 home-mustafa-nazier-erpnext-project:default: Job OK (testsite.local::scheduled_job::9p1m9utc9i)
2024-09-01 13:32:16,733 Result is kept for 600 seconds
2024-09-01 13:32:16,742 home-mustafa-nazier-erpnext-project:default: frappe.utils.background_jobs.execute_job(event=None, is_async=True, job_name='frappe.core.doctype.scheduled_job_type.scheduled_job_type.run_scheduled_jo..., kwargs={'job_type': 'erpnext.assets.doctype.asset.asset.update_maintenance_status'..., method='frappe.core.doctype.scheduled_job_type.scheduled_job_type.run_scheduled_jo..., site='testsite.local', user='Administrator') (testsite.local::scheduled_job::9po2avj1sm)
2024-09-01 13:32:17,493 home-mustafa-nazier-erpnext-project:default: Job OK (testsite.local::scheduled_job::9po2avj1sm)
2024-09-01 13:32:17,493 Result is kept for 600 seconds
2024-09-01 13:32:17,509 home-mustafa-nazier-erpnext-project:default: frappe.utils.background_jobs.execute_job(event=None, is_async=True, job_name='frappe.core.doctype.scheduled_job_type.scheduled_job_type.run_scheduled_jo..., kwargs={'job_type': 'frappe.email.doctype.email_account.email_account.pull', 'sche..., method='frappe.core.doctype.scheduled_job_type.scheduled_job_type.run_scheduled_jo..., site='testsite.local', user='Administrator') (testsite.local::scheduled_job::9p1mp5etf0)
2024-09-01 13:32:18,226 home-mustafa-nazier-erpnext-project:default: Job OK (testsite.local::scheduled_job::9p1mp5etf0)
2024-09-01 13:32:18,226 Result is kept for 600 seconds
2024-09-01 13:32:18,233 home-mustafa-nazier-erpnext-project:default: frappe.utils.background_jobs.execute_job(event=None, is_async=True, job_name='frappe.core.doctype.scheduled_job_type.scheduled_job_type.run_scheduled_jo..., kwargs={'job_type': 'frappe.email.doctype.email_account.email_account.notify_unrep..., method='frappe.core.doctype.scheduled_job_type.scheduled_job_type.run_scheduled_jo..., site='testsite.local', user='Administrator') (testsite.local::scheduled_job::9p1mterfuf)
2024-09-01 13:32:18,734 home-mustafa-nazier-erpnext-project:default: Job OK (testsite.local::scheduled_job::9p1mterfuf)
2024-09-01 13:32:18,734 Result is kept for 600 seconds
2024-09-01 13:32:18,740 home-mustafa-nazier-erpnext-project:default: frappe.utils.background_jobs.execute_job(event=None, is_async=True, job_name='frappe.core.doctype.scheduled_job_type.scheduled_job_type.run_scheduled_jo..., kwargs={'job_type': 'frappe.social.doctype.energy_point_log.energy_point_log.send_..., method='frappe.core.doctype.scheduled_job_type.scheduled_job_type.run_scheduled_jo..., site='testsite.local', user='Administrator') (testsite.local::scheduled_job::9p1ne6at0h)
2024-09-01 13:32:19,180 home-mustafa-nazier-erpnext-project:default: Job OK (testsite.local::scheduled_job::9p1ne6at0h)
2024-09-01 13:32:19,180 Result is kept for 600 seconds
2024-09-01 13:32:19,187 home-mustafa-nazier-erpnext-project:default: frappe.utils.background_jobs.execute_job(event=None, is_async=True, job_name='frappe.core.doctype.scheduled_job_type.scheduled_job_type.run_scheduled_jo..., kwargs={'job_type': 'erpnext.crm.doctype.opportunity.opportunity.auto_close_opport..., method='frappe.core.doctype.scheduled_job_type.scheduled_job_type.run_scheduled_jo..., site='testsite.local', user='Administrator') (testsite.local::scheduled_job::9po217bthh)
2024-09-01 13:32:19,581 home-mustafa-nazier-erpnext-project:default: Job OK (testsite.local::scheduled_job::9po217bthh)
2024-09-01 13:32:19,582 Result is kept for 600 seconds
2024-09-01 13:32:19,589 home-mustafa-nazier-erpnext-project:default: frappe.utils.background_jobs.execute_job(event=None, is_async=True, job_name='frappe.core.doctype.scheduled_job_type.scheduled_job_type.run_scheduled_jo..., kwargs={'job_type': 'frappe.core.doctype.log_settings.log_settings.run_log_clean_u..., method='frappe.core.doctype.scheduled_job_type.scheduled_job_type.run_scheduled_jo..., site='testsite.local', user='Administrator') (testsite.local::scheduled_job::9p1mdfuhc7)
2024-09-01 13:32:20,222 home-mustafa-nazier-erpnext-project:default: Job OK (testsite.local::scheduled_job::9p1mdfuhc7)
2024-09-01 13:32:20,222 Result is kept for 600 seconds
2024-09-01 13:32:20,230 home-mustafa-nazier-erpnext-project:default: frappe.utils.background_jobs.execute_job(event=None, is_async=True, job_name='frappe.core.doctype.scheduled_job_type.scheduled_job_type.run_scheduled_jo..., kwargs={'job_type': 'frappe.monitor.flush', 'scheduled_job_type': '9p1mt89l1g'}, method='frappe.core.doctype.scheduled_job_type.scheduled_job_type.run_scheduled_jo..., site='testsite.local', user='Administrator') (testsite.local::scheduled_job::9p1mt89l1g)
2024-09-01 13:32:20,567 home-mustafa-nazier-erpnext-project:default: Job OK (testsite.local::scheduled_job::9p1mt89l1g)
2024-09-01 13:32:20,567 Result is kept for 600 seconds
2024-09-01 13:32:20,573 home-mustafa-nazier-erpnext-project:default: frappe.utils.background_jobs.execute_job(event=None, is_async=True, job_name='frappe.core.doctype.scheduled_job_type.scheduled_job_type.run_scheduled_jo..., kwargs={'job_type': 'frappe.desk.doctype.event.event.send_event_digest', 'schedule..., method='frappe.core.doctype.scheduled_job_type.scheduled_job_type.run_scheduled_jo..., site='testsite.local', user='Administrator') (testsite.local::scheduled_job::9p1mpqr3pa)
2024-09-01 13:32:20,935 home-mustafa-nazier-erpnext-project:default: Job OK (testsite.local::scheduled_job::9p1mpqr3pa)
2024-09-01 13:32:20,936 Result is kept for 600 seconds
2024-09-01 13:32:20,949 home-mustafa-nazier-erpnext-project:default: frappe.utils.background_jobs.execute_job(event=None, is_async=True, job_name='frappe.core.doctype.scheduled_job_type.scheduled_job_type.run_scheduled_jo..., kwargs={'job_type': 'frappe.sessions.clear_expired_sessions', 'scheduled_job_type'..., method='frappe.core.doctype.scheduled_job_type.scheduled_job_type.run_scheduled_jo..., site='testsite.local', user='Administrator') (testsite.local::scheduled_job::9p1m5vm0sc)
2024-09-01 13:32:21,333 home-mustafa-nazier-erpnext-project:default: Job OK (testsite.local::scheduled_job::9p1m5vm0sc)
2024-09-01 13:32:21,334 Result is kept for 600 seconds
2024-09-01 13:32:21,338 home-mustafa-nazier-erpnext-project:default: frappe.utils.background_jobs.execute_job(event=None, is_async=True, job_name='frappe.core.doctype.scheduled_job_type.scheduled_job_type.run_scheduled_jo..., kwargs={'job_type': 'frappe.automation.doctype.auto_repeat.auto_repeat.make_auto_r..., method='frappe.core.doctype.scheduled_job_type.scheduled_job_type.run_scheduled_jo..., site='testsite.local', user='Administrator') (testsite.local::scheduled_job::9p1m0ao4s5)
2024-09-01 13:32:21,803 home-mustafa-nazier-erpnext-project:default: Job OK (testsite.local::scheduled_job::9p1m0ao4s5)
2024-09-01 13:32:21,803 Result is kept for 600 seconds
2024-09-01 13:32:21,810 home-mustafa-nazier-erpnext-project:default: frappe.utils.background_jobs.execute_job(event=None, is_async=True, job_name='frappe.core.doctype.scheduled_job_type.scheduled_job_type.run_scheduled_jo..., kwargs={'job_type': 'frappe.website.doctype.personal_data_deletion_request.persona..., method='frappe.core.doctype.scheduled_job_type.scheduled_job_type.run_scheduled_jo..., site='testsite.local', user='Administrator') (testsite.local::scheduled_job::9p1m2a404e)
2024-09-01 13:32:22,173 home-mustafa-nazier-erpnext-project:default: Job OK (testsite.local::scheduled_job::9p1m2a404e)
2024-09-01 13:32:22,173 Result is kept for 600 seconds
2024-09-01 13:32:22,179 home-mustafa-nazier-erpnext-project:default: frappe.utils.background_jobs.execute_job(event=None, is_async=True, job_name='frappe.core.doctype.scheduled_job_type.scheduled_job_type.run_scheduled_jo..., kwargs={'job_type': 'erpnext.accounts.doctype.process_payment_reconciliation.proce..., method='frappe.core.doctype.scheduled_job_type.scheduled_job_type.run_scheduled_jo..., site='testsite.local', user='Administrator') (testsite.local::scheduled_job::9po2bd42cf)
2024-09-01 13:32:22,498 home-mustafa-nazier-erpnext-project:default: Job OK (testsite.local::scheduled_job::9po2bd42cf)
2024-09-01 13:32:22,498 Result is kept for 600 seconds
2024-09-01 13:32:22,504 home-mustafa-nazier-erpnext-project:default: frappe.utils.background_jobs.execute_job(event=None, is_async=True, job_name='frappe.core.doctype.scheduled_job_type.scheduled_job_type.run_scheduled_jo..., kwargs={'job_type': 'frappe.desk.form.document_follow.send_hourly_updates', 'sched..., method='frappe.core.doctype.scheduled_job_type.scheduled_job_type.run_scheduled_jo..., site='testsite.local', user='Administrator') (testsite.local::scheduled_job::9p1m6irllf)
2024-09-01 13:32:22,809 home-mustafa-nazier-erpnext-project:default: Job OK (testsite.local::scheduled_job::9p1m6irllf)
2024-09-01 13:32:22,810 Result is kept for 600 seconds
2024-09-01 13:32:22,815 home-mustafa-nazier-erpnext-project:default: frappe.utils.background_jobs.execute_job(event=None, is_async=True, job_name='frappe.core.doctype.scheduled_job_type.scheduled_job_type.run_scheduled_jo..., kwargs={'job_type': 'erpnext.setup.doctype.company.company.cache_companies_monthly..., method='frappe.core.doctype.scheduled_job_type.scheduled_job_type.run_scheduled_jo..., site='testsite.local', user='Administrator') (testsite.local::scheduled_job::9po2443mea)
2024-09-01 13:32:23,167 home-mustafa-nazier-erpnext-project:default: Job OK (testsite.local::scheduled_job::9po2443mea)
2024-09-01 13:32:23,167 Result is kept for 600 seconds
2024-09-01 13:32:23,173 home-mustafa-nazier-erpnext-project:default: frappe.utils.background_jobs.execute_job(event=None, is_async=True, job_name='frappe.core.doctype.scheduled_job_type.scheduled_job_type.run_scheduled_jo..., kwargs={'job_type': 'frappe.email.doctype.newsletter.newsletter.send_scheduled_ema..., method='frappe.core.doctype.scheduled_job_type.scheduled_job_type.run_scheduled_jo..., site='testsite.local', user='Administrator') (testsite.local::scheduled_job::9p1m1vrvet)
2024-09-01 13:32:23,649 home-mustafa-nazier-erpnext-project:default: Job OK (testsite.local::scheduled_job::9p1m1vrvet)
2024-09-01 13:32:23,649 Result is kept for 600 seconds
2024-09-01 13:32:23,658 home-mustafa-nazier-erpnext-project:default: frappe.utils.background_jobs.execute_job(event=None, is_async=True, job_name='frappe.core.doctype.scheduled_job_type.scheduled_job_type.run_scheduled_jo..., kwargs={'job_type': 'erpnext.crm.doctype.email_campaign.email_campaign.send_email_..., method='frappe.core.doctype.scheduled_job_type.scheduled_job_type.run_scheduled_jo..., site='testsite.local', user='Administrator') (testsite.local::scheduled_job::9po2ikkqqp)
2024-09-01 13:32:24,571 home-mustafa-nazier-erpnext-project:default: Job OK (testsite.local::scheduled_job::9po2ikkqqp)
2024-09-01 13:32:24,571 Result is kept for 600 seconds
2024-09-01 13:32:24,581 home-mustafa-nazier-erpnext-project:default: frappe.utils.background_jobs.execute_job(event=None, is_async=True, job_name='frappe.core.doctype.scheduled_job_type.scheduled_job_type.run_scheduled_jo..., kwargs={'job_type': 'erpnext.assets.doctype.asset_maintenance_log.asset_maintenanc..., method='frappe.core.doctype.scheduled_job_type.scheduled_job_type.run_scheduled_jo..., site='testsite.local', user='Administrator') (testsite.local::scheduled_job::9po2u60i2t)
2024-09-01 13:32:25,123 home-mustafa-nazier-erpnext-project:default: Job OK (testsite.local::scheduled_job::9po2u60i2t)
2024-09-01 13:32:25,123 Result is kept for 600 seconds
2024-09-01 13:32:25,133 home-mustafa-nazier-erpnext-project:default: frappe.utils.background_jobs.execute_job(event=None, is_async=True, job_name='frappe.core.doctype.scheduled_job_type.scheduled_job_type.run_scheduled_jo..., kwargs={'job_type': 'erpnext.quality_management.doctype.quality_review.quality_rev..., method='frappe.core.doctype.scheduled_job_type.scheduled_job_type.run_scheduled_jo..., site='testsite.local', user='Administrator') (testsite.local::scheduled_job::9po2adn535)
2024-09-01 13:32:25,576 home-mustafa-nazier-erpnext-project:default: Job OK (testsite.local::scheduled_job::9po2adn535)
2024-09-01 13:32:25,576 Result is kept for 600 seconds
2024-09-01 13:32:25,582 home-mustafa-nazier-erpnext-project:default: frappe.utils.background_jobs.execute_job(event=None, is_async=True, job_name='frappe.core.doctype.scheduled_job_type.scheduled_job_type.run_scheduled_jo..., kwargs={'job_type': 'erpnext.accounts.utils.auto_create_exchange_rate_revaluation_..., method='frappe.core.doctype.scheduled_job_type.scheduled_job_type.run_scheduled_jo..., site='testsite.local', user='Administrator') (testsite.local::scheduled_job::9po4mf83qo)
2024-09-01 13:32:25,917 home-mustafa-nazier-erpnext-project:default: Job OK (testsite.local::scheduled_job::9po4mf83qo)
2024-09-01 13:32:25,917 Result is kept for 600 seconds
2024-09-01 13:32:25,923 home-mustafa-nazier-erpnext-project:default: frappe.utils.background_jobs.execute_job(event=None, is_async=True, job_name='frappe.core.doctype.scheduled_job_type.scheduled_job_type.run_scheduled_jo..., kwargs={'job_type': 'erpnext.projects.doctype.project.project.send_project_status_..., method='frappe.core.doctype.scheduled_job_type.scheduled_job_type.run_scheduled_jo..., site='testsite.local', user='Administrator') (testsite.local::scheduled_job::9po213jehn)
2024-09-01 13:32:26,254 home-mustafa-nazier-erpnext-project:default: Job OK (testsite.local::scheduled_job::9po213jehn)
2024-09-01 13:32:26,254 Result is kept for 600 seconds
2024-09-01 13:32:26,260 home-mustafa-nazier-erpnext-project:default: frappe.utils.background_jobs.execute_job(event=None, is_async=True, job_name='frappe.core.doctype.scheduled_job_type.scheduled_job_type.run_scheduled_jo..., kwargs={'job_type': 'frappe.social.doctype.energy_point_settings.energy_point_sett..., method='frappe.core.doctype.scheduled_job_type.scheduled_job_type.run_scheduled_jo..., site='testsite.local', user='Administrator') (testsite.local::scheduled_job::9p1mim8q4s)
2024-09-01 13:32:26,749 home-mustafa-nazier-erpnext-project:default: Job OK (testsite.local::scheduled_job::9p1mim8q4s)
2024-09-01 13:32:26,750 Result is kept for 600 seconds
2024-09-01 13:32:26,757 home-mustafa-nazier-erpnext-project:default: frappe.utils.background_jobs.execute_job(event=None, is_async=True, job_name='frappe.core.doctype.scheduled_job_type.scheduled_job_type.run_scheduled_jo..., kwargs={'job_type': 'erpnext.projects.doctype.project.project.hourly_reminder', 's..., method='frappe.core.doctype.scheduled_job_type.scheduled_job_type.run_scheduled_jo..., site='testsite.local', user='Administrator') (testsite.local::scheduled_job::9po2rf78r5)
2024-09-01 13:32:27,098 home-mustafa-nazier-erpnext-project:default: Job OK (testsite.local::scheduled_job::9po2rf78r5)
2024-09-01 13:32:27,098 Result is kept for 600 seconds
2024-09-01 13:32:27,103 home-mustafa-nazier-erpnext-project:default: frappe.utils.background_jobs.execute_job(event=None, is_async=True, job_name='frappe.core.doctype.scheduled_job_type.scheduled_job_type.run_scheduled_jo..., kwargs={'job_type': 'erpnext.accounts.utils.auto_create_exchange_rate_revaluation_..., method='frappe.core.doctype.scheduled_job_type.scheduled_job_type.run_scheduled_jo..., site='testsite.local', user='Administrator') (testsite.local::scheduled_job::9po2ksphen)
2024-09-01 13:32:27,426 home-mustafa-nazier-erpnext-project:default: Job OK (testsite.local::scheduled_job::9po2ksphen)
2024-09-01 13:32:27,426 Result is kept for 600 seconds
2024-09-01 13:32:27,433 home-mustafa-nazier-erpnext-project:default: frappe.utils.background_jobs.execute_job(event=None, is_async=True, job_name='frappe.core.doctype.scheduled_job_type.scheduled_job_type.run_scheduled_jo..., kwargs={'job_type': 'erpnext.projects.doctype.project.project.collect_project_stat..., method='frappe.core.doctype.scheduled_job_type.scheduled_job_type.run_scheduled_jo..., site='testsite.local', user='Administrator') (testsite.local::scheduled_job::9po2rjko8f)
2024-09-01 13:32:27,786 home-mustafa-nazier-erpnext-project:default: Job OK (testsite.local::scheduled_job::9po2rjko8f)
2024-09-01 13:32:27,787 Result is kept for 600 seconds
2024-09-01 13:32:27,794 home-mustafa-nazier-erpnext-project:default: frappe.utils.background_jobs.execute_job(event=None, is_async=True, job_name='frappe.core.doctype.scheduled_job_type.scheduled_job_type.run_scheduled_jo..., kwargs={'job_type': 'frappe.desk.form.document_follow.send_daily_updates', 'schedu..., method='frappe.core.doctype.scheduled_job_type.scheduled_job_type.run_scheduled_jo..., site='testsite.local', user='Administrator') (testsite.local::scheduled_job::9p1mov2qja)
2024-09-01 13:32:28,120 home-mustafa-nazier-erpnext-project:default: Job OK (testsite.local::scheduled_job::9p1mov2qja)
2024-09-01 13:32:28,120 Result is kept for 600 seconds
2024-09-01 13:32:28,125 home-mustafa-nazier-erpnext-project:default: frappe.utils.background_jobs.execute_job(event=None, is_async=True, job_name='frappe.core.doctype.scheduled_job_type.scheduled_job_type.run_scheduled_jo..., kwargs={'job_type': 'frappe.model.utils.user_settings.sync_user_settings', 'schedu..., method='frappe.core.doctype.scheduled_job_type.scheduled_job_type.run_scheduled_jo..., site='testsite.local', user='Administrator') (testsite.local::scheduled_job::9p1m3rufpc)
2024-09-01 13:32:28,470 home-mustafa-nazier-erpnext-project:default: Job OK (testsite.local::scheduled_job::9p1m3rufpc)
2024-09-01 13:32:28,470 Result is kept for 600 seconds
2024-09-01 13:32:28,476 home-mustafa-nazier-erpnext-project:default: frappe.utils.background_jobs.execute_job(event=None, is_async=True, job_name='frappe.core.doctype.scheduled_job_type.scheduled_job_type.run_scheduled_jo..., kwargs={'job_type': 'erpnext.buying.doctype.supplier_quotation.supplier_quotation...., method='frappe.core.doctype.scheduled_job_type.scheduled_job_type.run_scheduled_jo..., site='testsite.local', user='Administrator') (testsite.local::scheduled_job::9po21btvkr)
2024-09-01 13:32:28,848 home-mustafa-nazier-erpnext-project:default: Job OK (testsite.local::scheduled_job::9po21btvkr)
2024-09-01 13:32:28,849 Result is kept for 600 seconds
2024-09-01 13:32:28,855 home-mustafa-nazier-erpnext-project:default: frappe.utils.background_jobs.execute_job(event=None, is_async=True, job_name='frappe.core.doctype.scheduled_job_type.scheduled_job_type.run_scheduled_jo..., kwargs={'job_type': 'erpnext.accounts.doctype.process_statement_of_accounts.proces..., method='frappe.core.doctype.scheduled_job_type.scheduled_job_type.run_scheduled_jo..., site='testsite.local', user='Administrator') (testsite.local::scheduled_job::9po2eo2lrm)
2024-09-01 13:32:29,346 home-mustafa-nazier-erpnext-project:default: Job OK (testsite.local::scheduled_job::9po2eo2lrm)
2024-09-01 13:32:29,346 Result is kept for 600 seconds
2024-09-01 13:32:29,353 home-mustafa-nazier-erpnext-project:default: frappe.utils.background_jobs.execute_job(event=None, is_async=True, job_name='frappe.core.doctype.scheduled_job_type.scheduled_job_type.run_scheduled_jo..., kwargs={'job_type': 'frappe.twofactor.delete_all_barcodes_for_users', 'scheduled_j..., method='frappe.core.doctype.scheduled_job_type.scheduled_job_type.run_scheduled_jo..., site='testsite.local', user='Administrator') (testsite.local::scheduled_job::9p1mhnak4u)
2024-09-01 13:32:29,705 home-mustafa-nazier-erpnext-project:default: Job OK (testsite.local::scheduled_job::9p1mhnak4u)
2024-09-01 13:32:29,705 Result is kept for 600 seconds
2024-09-01 13:32:29,710 home-mustafa-nazier-erpnext-project:default: frappe.utils.background_jobs.execute_job(event=None, is_async=True, job_name='frappe.core.doctype.scheduled_job_type.scheduled_job_type.run_scheduled_jo..., kwargs={'job_type': 'erpnext.crm.doctype.contract.contract.update_status_for_contr..., method='frappe.core.doctype.scheduled_job_type.scheduled_job_type.run_scheduled_jo..., site='testsite.local', user='Administrator') (testsite.local::scheduled_job::9po2u186p5)
2024-09-01 13:32:30,083 home-mustafa-nazier-erpnext-project:default: Job OK (testsite.local::scheduled_job::9po2u186p5)
2024-09-01 13:32:30,083 Result is kept for 600 seconds
2024-09-01 13:32:30,091 home-mustafa-nazier-erpnext-project:default: frappe.utils.background_jobs.execute_job(event=None, is_async=True, job_name='frappe.core.doctype.scheduled_job_type.scheduled_job_type.run_scheduled_jo..., kwargs={'job_type': 'frappe.oauth.delete_oauth2_data', 'scheduled_job_type': '9p1m..., method='frappe.core.doctype.scheduled_job_type.scheduled_job_type.run_scheduled_jo..., site='testsite.local', user='Administrator') (testsite.local::scheduled_job::9p1mi0e30u)
2024-09-01 13:32:30,429 home-mustafa-nazier-erpnext-project:default: Job OK (testsite.local::scheduled_job::9p1mi0e30u)
2024-09-01 13:32:30,429 Result is kept for 600 seconds
2024-09-01 13:32:30,435 home-mustafa-nazier-erpnext-project:default: frappe.utils.background_jobs.execute_job(event=None, is_async=True, job_name='frappe.core.doctype.scheduled_job_type.scheduled_job_type.run_scheduled_jo..., kwargs={'job_type': 'erpnext.selling.doctype.quotation.quotation.set_expired_statu..., method='frappe.core.doctype.scheduled_job_type.scheduled_job_type.run_scheduled_jo..., site='testsite.local', user='Administrator') (testsite.local::scheduled_job::9po2tt38rc)
2024-09-01 13:32:30,835 home-mustafa-nazier-erpnext-project:default: Job OK (testsite.local::scheduled_job::9po2tt38rc)
2024-09-01 13:32:30,835 Result is kept for 600 seconds
2024-09-01 13:32:30,842 home-mustafa-nazier-erpnext-project:default: frappe.utils.background_jobs.execute_job(event=None, is_async=True, job_name='frappe.core.doctype.scheduled_job_type.scheduled_job_type.run_scheduled_jo..., kwargs={'job_type': 'frappe.integrations.doctype.google_contacts.google_contacts.s..., method='frappe.core.doctype.scheduled_job_type.scheduled_job_type.run_scheduled_jo..., site='testsite.local', user='Administrator') (testsite.local::scheduled_job::9p1m23qu5q)
2024-09-01 13:32:31,328 home-mustafa-nazier-erpnext-project:default: Job OK (testsite.local::scheduled_job::9p1m23qu5q)
2024-09-01 13:32:31,328 Result is kept for 600 seconds
2024-09-01 13:32:31,333 home-mustafa-nazier-erpnext-project:default: frappe.utils.background_jobs.execute_job(event=None, is_async=True, job_name='frappe.core.doctype.scheduled_job_type.scheduled_job_type.run_scheduled_jo..., kwargs={'job_type': 'erpnext.crm.doctype.email_campaign.email_campaign.set_email_c..., method='frappe.core.doctype.scheduled_job_type.scheduled_job_type.run_scheduled_jo..., site='testsite.local', user='Administrator') (testsite.local::scheduled_job::9po26b1pkc)
2024-09-01 13:32:31,761 home-mustafa-nazier-erpnext-project:default: Job OK (testsite.local::scheduled_job::9po26b1pkc)
2024-09-01 13:32:31,761 Result is kept for 600 seconds
2024-09-01 13:32:31,767 home-mustafa-nazier-erpnext-project:default: frappe.utils.background_jobs.execute_job(event=None, is_async=True, job_name='frappe.automation.doctype.auto_repeat.auto_repeat.create_repeated_entries', kwargs={'data': []}, method='frappe.automation.doctype.auto_repeat.auto_repeat.create_repeated_entries', site='testsite.local', user='Administrator') (testsite.local::9b29f730-8be7-47b1-85ba-2c6cf93a1759)
2024-09-01 13:32:32,038 home-mustafa-nazier-erpnext-project:default: Job OK (testsite.local::9b29f730-8be7-47b1-85ba-2c6cf93a1759)
2024-09-01 13:32:32,038 Result is kept for 600 seconds
2024-09-01 13:32:32,044 home-mustafa-nazier-erpnext-project:long: frappe.utils.background_jobs.execute_job(event=None, is_async=True, job_name='frappe.core.doctype.scheduled_job_type.scheduled_job_type.run_scheduled_jo..., kwargs={'job_type': 'frappe.integrations.doctype.google_drive.google_drive.daily_b..., method='frappe.core.doctype.scheduled_job_type.scheduled_job_type.run_scheduled_jo..., site='testsite.local', user='Administrator') (testsite.local::scheduled_job::9p1nuctrjk)
2024-09-01 13:32:32,490 home-mustafa-nazier-erpnext-project:long: Job OK (testsite.local::scheduled_job::9p1nuctrjk)
2024-09-01 13:32:32,490 Result is kept for 600 seconds
2024-09-01 13:32:32,497 home-mustafa-nazier-erpnext-project:long: frappe.utils.background_jobs.execute_job(event=None, is_async=True, job_name='frappe.core.doctype.scheduled_job_type.scheduled_job_type.run_scheduled_jo..., kwargs={'job_type': 'frappe.desk.doctype.changelog_feed.changelog_feed.fetch_chang..., method='frappe.core.doctype.scheduled_job_type.scheduled_job_type.run_scheduled_jo..., site='testsite.local', user='Administrator') (testsite.local::scheduled_job::9p1nbmn7i1)
2024-09-01 13:32:33,297 home-mustafa-nazier-erpnext-project:long: Job OK (testsite.local::scheduled_job::9p1nbmn7i1)
2024-09-01 13:32:33,298 Result is kept for 600 seconds
2024-09-01 13:32:33,315 home-mustafa-nazier-erpnext-project:long: frappe.utils.background_jobs.execute_job(event=None, is_async=True, job_name='frappe.core.doctype.scheduled_job_type.scheduled_job_type.run_scheduled_jo..., kwargs={'job_type': 'frappe.integrations.doctype.google_drive.google_drive.weekly_..., method='frappe.core.doctype.scheduled_job_type.scheduled_job_type.run_scheduled_jo..., site='testsite.local', user='Administrator') (testsite.local::scheduled_job::9p1nl385t4)
2024-09-01 13:32:33,834 home-mustafa-nazier-erpnext-project:long: Job OK (testsite.local::scheduled_job::9p1nl385t4)
2024-09-01 13:32:33,834 Result is kept for 600 seconds
2024-09-01 13:32:33,840 home-mustafa-nazier-erpnext-project:long: frappe.utils.background_jobs.execute_job(event=None, is_async=True, job_name='frappe.core.doctype.scheduled_job_type.scheduled_job_type.run_scheduled_jo..., kwargs={'job_type': 'erpnext.setup.doctype.email_digest.email_digest.send', 'sched..., method='frappe.core.doctype.scheduled_job_type.scheduled_job_type.run_scheduled_jo..., site='testsite.local', user='Administrator') (testsite.local::scheduled_job::9po4sm7neh)
2024-09-01 13:32:34,152 home-mustafa-nazier-erpnext-project:long: Job OK (testsite.local::scheduled_job::9po4sm7neh)
2024-09-01 13:32:34,152 Result is kept for 600 seconds
2024-09-01 13:32:34,158 home-mustafa-nazier-erpnext-project:long: frappe.utils.background_jobs.execute_job(event=None, is_async=True, job_name='frappe.core.doctype.scheduled_job_type.scheduled_job_type.run_scheduled_jo..., kwargs={'job_type': 'frappe.integrations.doctype.dropbox_settings.dropbox_settings..., method='frappe.core.doctype.scheduled_job_type.scheduled_job_type.run_scheduled_jo..., site='testsite.local', user='Administrator') (testsite.local::scheduled_job::9p1m6bv53r)
2024-09-01 13:32:34,641 home-mustafa-nazier-erpnext-project:long: Job OK (testsite.local::scheduled_job::9p1m6bv53r)
2024-09-01 13:32:34,641 Result is kept for 600 seconds
2024-09-01 13:32:34,648 home-mustafa-nazier-erpnext-project:long: frappe.utils.background_jobs.execute_job(event=None, is_async=True, job_name='frappe.core.doctype.scheduled_job_type.scheduled_job_type.run_scheduled_jo..., kwargs={'job_type': 'erpnext.manufacturing.doctype.bom_update_tool.bom_update_tool..., method='frappe.core.doctype.scheduled_job_type.scheduled_job_type.run_scheduled_jo..., site='testsite.local', user='Administrator') (testsite.local::scheduled_job::9po473ap7j)
2024-09-01 13:32:35,033 home-mustafa-nazier-erpnext-project:long: Job OK (testsite.local::scheduled_job::9po473ap7j)
2024-09-01 13:32:35,033 Result is kept for 600 seconds
2024-09-01 13:32:35,047 home-mustafa-nazier-erpnext-project:long: frappe.utils.background_jobs.execute_job(event=None, is_async=True, job_name='frappe.core.doctype.scheduled_job_type.scheduled_job_type.run_scheduled_jo..., kwargs={'job_type': 'frappe.email.doctype.auto_email_report.auto_email_report.send..., method='frappe.core.doctype.scheduled_job_type.scheduled_job_type.run_scheduled_jo..., site='testsite.local', user='Administrator') (testsite.local::scheduled_job::9p1m1amt3n)
2024-09-01 13:32:35,501 home-mustafa-nazier-erpnext-project:long: Job OK (testsite.local::scheduled_job::9p1m1amt3n)
2024-09-01 13:32:35,501 Result is kept for 600 seconds
2024-09-01 13:32:35,507 home-mustafa-nazier-erpnext-project:long: frappe.utils.background_jobs.execute_job(event=None, is_async=True, job_name='frappe.core.doctype.scheduled_job_type.scheduled_job_type.run_scheduled_jo..., kwargs={'job_type': 'erpnext.crm.utils.open_leads_opportunities_based_on_todays_ev..., method='frappe.core.doctype.scheduled_job_type.scheduled_job_type.run_scheduled_jo..., site='testsite.local', user='Administrator') (testsite.local::scheduled_job::9po4juu4g2)
2024-09-01 13:32:35,843 home-mustafa-nazier-erpnext-project:long: Job OK (testsite.local::scheduled_job::9po4juu4g2)
2024-09-01 13:32:35,843 Result is kept for 600 seconds
2024-09-01 13:32:35,858 home-mustafa-nazier-erpnext-project:long: frappe.utils.background_jobs.execute_job(event=None, is_async=True, job_name='frappe.core.doctype.scheduled_job_type.scheduled_job_type.run_scheduled_jo..., kwargs={'job_type': 'frappe.desk.form.document_follow.send_weekly_updates', 'sched..., method='frappe.core.doctype.scheduled_job_type.scheduled_job_type.run_scheduled_jo..., site='testsite.local', user='Administrator') (testsite.local::scheduled_job::9p1n2r8eae)
2024-09-01 13:32:36,219 home-mustafa-nazier-erpnext-project:long: Job OK (testsite.local::scheduled_job::9p1n2r8eae)
2024-09-01 13:32:36,219 Result is kept for 600 seconds
2024-09-01 13:32:36,224 home-mustafa-nazier-erpnext-project:long: frappe.utils.background_jobs.execute_job(event=None, is_async=True, job_name='frappe.core.doctype.scheduled_job_type.scheduled_job_type.run_scheduled_jo..., kwargs={'job_type': 'frappe.integrations.doctype.s3_backup_settings.s3_backup_sett..., method='frappe.core.doctype.scheduled_job_type.scheduled_job_type.run_scheduled_jo..., site='testsite.local', user='Administrator') (testsite.local::scheduled_job::9p1ne5lvjo)
2024-09-01 13:32:36,652 home-mustafa-nazier-erpnext-project:long: Job OK (testsite.local::scheduled_job::9p1ne5lvjo)
2024-09-01 13:32:36,652 Result is kept for 600 seconds
2024-09-01 13:32:36,658 home-mustafa-nazier-erpnext-project:long: frappe.utils.background_jobs.execute_job(event=None, is_async=True, job_name='frappe.core.doctype.scheduled_job_type.scheduled_job_type.run_scheduled_jo..., kwargs={'job_type': 'frappe.integrations.doctype.s3_backup_settings.s3_backup_sett..., method='frappe.core.doctype.scheduled_job_type.scheduled_job_type.run_scheduled_jo..., site='testsite.local', user='Administrator') (testsite.local::scheduled_job::9p1nllteiu)
2024-09-01 13:32:37,060 home-mustafa-nazier-erpnext-project:long: Job OK (testsite.local::scheduled_job::9p1nllteiu)
2024-09-01 13:32:37,060 Result is kept for 600 seconds
2024-09-01 13:32:37,066 home-mustafa-nazier-erpnext-project:long: frappe.utils.background_jobs.execute_job(event=None, is_async=True, job_name='frappe.core.doctype.scheduled_job_type.scheduled_job_type.run_scheduled_jo..., kwargs={'job_type': 'frappe.integrations.doctype.dropbox_settings.dropbox_settings..., method='frappe.core.doctype.scheduled_job_type.scheduled_job_type.run_scheduled_jo..., site='testsite.local', user='Administrator') (testsite.local::scheduled_job::9p1nob6f0o)
2024-09-01 13:32:37,542 home-mustafa-nazier-erpnext-project:long: Job OK (testsite.local::scheduled_job::9p1nob6f0o)
2024-09-01 13:32:37,542 Result is kept for 600 seconds
2024-09-01 13:32:37,550 home-mustafa-nazier-erpnext-project:long: frappe.utils.background_jobs.execute_job(event=None, is_async=True, job_name='frappe.core.doctype.scheduled_job_type.scheduled_job_type.run_scheduled_jo..., kwargs={'job_type': 'erpnext.accounts.utils.auto_create_exchange_rate_revaluation_..., method='frappe.core.doctype.scheduled_job_type.scheduled_job_type.run_scheduled_jo..., site='testsite.local', user='Administrator') (testsite.local::scheduled_job::9po451k5mv)
2024-09-01 13:32:37,894 home-mustafa-nazier-erpnext-project:long: Job OK (testsite.local::scheduled_job::9po451k5mv)
2024-09-01 13:32:37,894 Result is kept for 600 seconds
2024-09-01 13:32:37,900 home-mustafa-nazier-erpnext-project:long: frappe.utils.background_jobs.execute_job(event=None, is_async=True, job_name='frappe.core.doctype.scheduled_job_type.scheduled_job_type.run_scheduled_jo..., kwargs={'job_type': 'frappe.integrations.doctype.s3_backup_settings.s3_backup_sett..., method='frappe.core.doctype.scheduled_job_type.scheduled_job_type.run_scheduled_jo..., site='testsite.local', user='Administrator') (testsite.local::scheduled_job::9p1mbdroj5)
2024-09-01 13:32:38,288 home-mustafa-nazier-erpnext-project:long: Job OK (testsite.local::scheduled_job::9p1mbdroj5)
2024-09-01 13:32:38,288 Result is kept for 600 seconds
2024-09-01 13:32:38,295 home-mustafa-nazier-erpnext-project:long: frappe.utils.background_jobs.execute_job(event=None, is_async=True, job_name='frappe.core.doctype.scheduled_job_type.scheduled_job_type.run_scheduled_jo..., kwargs={'job_type': 'erpnext.stock.doctype.repost_item_valuation.repost_item_valua..., method='frappe.core.doctype.scheduled_job_type.scheduled_job_type.run_scheduled_jo..., site='testsite.local', user='Administrator') (testsite.local::scheduled_job::9po4o85pde)
2024-09-01 13:32:38,630 home-mustafa-nazier-erpnext-project:long: Job OK (testsite.local::scheduled_job::9po4o85pde)
2024-09-01 13:32:38,631 Result is kept for 600 seconds
2024-09-01 13:32:38,636 home-mustafa-nazier-erpnext-project:long: frappe.utils.background_jobs.execute_job(event=None, is_async=True, job_name='frappe.core.doctype.scheduled_job_type.scheduled_job_type.run_scheduled_jo..., kwargs={'job_type': 'frappe.utils.change_log.check_for_update', 'scheduled_job_typ..., method='frappe.core.doctype.scheduled_job_type.scheduled_job_type.run_scheduled_jo..., site='testsite.local', user='Administrator') (testsite.local::scheduled_job::9p1neq8edg)
2024-09-01 13:32:39,031 home-mustafa-nazier-erpnext-project:long: Job OK (testsite.local::scheduled_job::9p1neq8edg)
2024-09-01 13:32:39,031 Result is kept for 600 seconds
2024-09-01 13:32:39,037 home-mustafa-nazier-erpnext-project:long: frappe.utils.background_jobs.execute_job(event=None, is_async=True, job_name='frappe.core.doctype.scheduled_job_type.scheduled_job_type.run_scheduled_jo..., kwargs={'job_type': 'erpnext.assets.doctype.asset.depreciation.post_depreciation_e..., method='frappe.core.doctype.scheduled_job_type.scheduled_job_type.run_scheduled_jo..., site='testsite.local', user='Administrator') (testsite.local::scheduled_job::9po4ku3hmr)
2024-09-01 13:32:39,418 home-mustafa-nazier-erpnext-project:long: Job OK (testsite.local::scheduled_job::9po4ku3hmr)
2024-09-01 13:32:39,418 Result is kept for 600 seconds
2024-09-01 13:32:39,425 home-mustafa-nazier-erpnext-project:long: frappe.utils.background_jobs.execute_job(event=None, is_async=True, job_name='frappe.core.doctype.scheduled_job_type.scheduled_job_type.run_scheduled_jo..., kwargs={'job_type': 'erpnext.accounts.deferred_revenue.process_deferred_accounting..., method='frappe.core.doctype.scheduled_job_type.scheduled_job_type.run_scheduled_jo..., site='testsite.local', user='Administrator') (testsite.local::scheduled_job::9po4ibq59i)
2024-09-01 13:32:39,847 home-mustafa-nazier-erpnext-project:long: Job OK (testsite.local::scheduled_job::9po4ibq59i)
2024-09-01 13:32:39,847 Result is kept for 600 seconds
2024-09-01 13:32:39,853 home-mustafa-nazier-erpnext-project:long: frappe.utils.background_jobs.execute_job(event=None, is_async=True, job_name='frappe.core.doctype.scheduled_job_type.scheduled_job_type.run_scheduled_jo..., kwargs={'job_type': 'frappe.social.doctype.energy_point_log.energy_point_log.send_..., method='frappe.core.doctype.scheduled_job_type.scheduled_job_type.run_scheduled_jo..., site='testsite.local', user='Administrator') (testsite.local::scheduled_job::9p1n6pf0ni)
2024-09-01 13:32:40,178 home-mustafa-nazier-erpnext-project:long: Job OK (testsite.local::scheduled_job::9p1n6pf0ni)
2024-09-01 13:32:40,178 Result is kept for 600 seconds
2024-09-01 13:32:40,183 home-mustafa-nazier-erpnext-project:long: frappe.utils.background_jobs.execute_job(event=None, is_async=True, job_name='frappe.core.doctype.scheduled_job_type.scheduled_job_type.run_scheduled_jo..., kwargs={'job_type': 'erpnext.utilities.bulk_transaction.retry', 'scheduled_job_typ..., method='frappe.core.doctype.scheduled_job_type.scheduled_job_type.run_scheduled_jo..., site='testsite.local', user='Administrator') (testsite.local::scheduled_job::9po4jjf0ml)
2024-09-01 13:32:40,533 home-mustafa-nazier-erpnext-project:long: Job OK (testsite.local::scheduled_job::9po4jjf0ml)
2024-09-01 13:32:40,533 Result is kept for 600 seconds
2024-09-01 13:32:40,538 home-mustafa-nazier-erpnext-project:long: frappe.utils.background_jobs.execute_job(event=None, is_async=True, job_name='frappe.core.doctype.scheduled_job_type.scheduled_job_type.run_scheduled_jo..., kwargs={'job_type': 'erpnext.accounts.doctype.process_subscription.process_subscri..., method='frappe.core.doctype.scheduled_job_type.scheduled_job_type.run_scheduled_jo..., site='testsite.local', user='Administrator') (testsite.local::scheduled_job::9po3g6tn62)
2024-09-01 13:32:40,954 home-mustafa-nazier-erpnext-project:long: Job OK (testsite.local::scheduled_job::9po3g6tn62)
2024-09-01 13:32:40,954 Result is kept for 600 seconds
2024-09-01 13:35:50,059 Worker ee2ccf2273584b66902fc3f07ee9019c [PID 8868]: warm shut down requested
2024-09-01 13:35:50,068 Unsubscribing from channel rq:pubsub:ee2ccf2273584b66902fc3f07ee9019c
